Microsemi Libero Software
Version: 11.9.2.1
Release: v11.9 SP2

Created a new design.
'BA_NAME' set to 'TOP_LVR_GEN3_CNTL_ba'
'IDE_DESIGNERVIEW_NAME' set to 'Impl1'
'IDE_DESIGNERVIEW_COUNT' set to '1'
'IDE_DESIGNERVIEW_REV0' set to 'Impl1'
'IDE_DESIGNERVIEW_REVNUM0' set to '1'
'IDE_DESIGNERVIEW_ROOTDIR' set to 'C:\Users\tomob\Box
Sync\Shared_Design_Files\LVR\Gen3\LV_Reg_GEN3_Dig_Cntl_GW\LVRegul_DIg_Cntl\designer'
'IDE_DESIGNERVIEW_LASTREV' set to '1'
'DESDIR' set to 'C:/Users/tomob/Box
Sync/Shared_Design_Files/LVR/Gen3/LV_Reg_GEN3_Dig_Cntl_GW/LVRegul_DIg_Cntl/designer/impl1'
'BA_DIR' set to 'C:/Users/tomob/Box
Sync/Shared_Design_Files/LVR/Gen3/LV_Reg_GEN3_Dig_Cntl_GW/LVRegul_DIg_Cntl/designer/impl1'
'BA_NETLIST_ALSO' set to '1'
'EDNINFLAVOR' set to 'GENERIC'
'NETLIST_NAMING_STYLE' set to 'VHDL93'
'EXPORT_STATUS_REPORT' set to '1'
'EXPORT_STATUS_REPORT_FILENAME' set to 'TOP_LVR_GEN3_CNTL.rpt'
'AUDIT_NETLIST_FILE' set to '1'
'AUDIT_DCF_FILE' set to '1'
'AUDIT_PIN_FILE' set to '1'
'AUDIT_ADL_FILE' set to '1'

 Netlist Reading Time = 1.0 seconds
Imported the file:
   C:\Users\tomob\Box
Sync\Shared_Design_Files\LVR\Gen3\LV_Reg_GEN3_Dig_Cntl_GW\LVRegul_DIg_Cntl\synthesis\TOP_LVR_GE\
N3_CNTL.edn

The Import command succeeded ( 00:00:01 )
Wrote to the file: ..\..\synthesis\TOP_LVR_GEN3_CNTL.vhd

The Export command succeeded ( 00:00:01 )

The Execute Script command succeeded ( 00:00:04 )
Warning: The database was closed without a save, modifications are lost
Design closed.

