*****************************************************************
Pin Report - Date: Wed May 10 08:43:02 2017 Pinchecksum: NOT-AVAILABLE
Product: Designer
Release: v11.8
Version: 11.8.0.26
Design Name: TOP_LV_REGUL_CNTL
Family: ProASIC3
Die: A3P125
Package: 100 VQFP
*****************************************************************
Number |Port                |Function       |State       |I/O Std  |Output Drive (mA) |Slew |Resistor Pull |Skew |Output Load (pF) |Use I/O Reg |Hot Swappable |
-------|--------------------|---------------|------------|---------|------------------|-----|--------------|-----|-----------------|------------|--------------|
1                            GND             Reserved
2       P_MASTER_RST_B       GAA2/IO67RSB1   Special      LVCMOS15  4                  Low   None           No    35                No           No
3                            IO68RSB1        Unassigned
4                            GAB2/IO69RSB1   Special
5                            IO132RSB1       Unassigned
6       DEV_RST_B            GAC2/IO131RSB1  Special      LVCMOS15  ---                ---   None           ---   ---               No           No
7       P_CLK_5M_GL          IO130RSB1       Fixed        LVCMOS15  4                  High  None           No    35                No           No
8       UVL_1V5_IN[0]        IO129RSB1       Fixed        LVCMOS15  ---                ---   None           ---   ---               No           No
9                            GND             Reserved
10      EXT_CH_EN_PORT[7]    GFB1/IO124RSB1  Special      LVCMOS15  ---                ---   Up             ---   ---               No           No
11      EXT_CH_EN_PORT[6]    GFB0/IO123RSB1  Special      LVCMOS15  ---                ---   Up             ---   ---               No           No
12                           VCOMPLF         Reserved
13      EXT_CH_EN_PORT[5]    GFA0/IO122RSB1  Special      LVCMOS15  ---                ---   Up             ---   ---               No           No
14                           VCCPLF          Reserved
15      EXT_CH_EN_PORT[4]    GFA1/IO121RSB1  Special      LVCMOS15  ---                ---   Up             ---   ---               No           No
16      EXT_CH_EN_PORT[3]    GFA2/IO120RSB1  Special      LVCMOS15  ---                ---   Up             ---   ---               No           No
17                           VCC             Reserved
18                           VCCIB1          Reserved
19      EXT_CH_EN_PORT[2]    GEC0/IO111RSB1  Special      LVCMOS15  ---                ---   Up             ---   ---               No           No
20      EXT_CH_EN_PORT[1]    GEB1/IO110RSB1  Special      LVCMOS15  ---                ---   Up             ---   ---               No           No
21      EXT_CH_EN_PORT[0]    GEB0/IO109RSB1  Special      LVCMOS15  ---                ---   Up             ---   ---               No           No
22                           GEA1/IO108RSB1  Special
23                           GEA0/IO107RSB1  Special
24                           VMV1            Reserved
25                           GNDQ            Reserved
26      MOD_ADDR[0]          GEA2/IO106RSB1  Special      LVCMOS15  ---                ---   Up             ---   ---               No           No
27      MOD_ADDR[1]          GEB2/IO105RSB1  Special      LVCMOS15  ---                ---   Up             ---   ---               No           No
28      MOD_ADDR[2]          GEC2/IO104RSB1  Special      LVCMOS15  ---                ---   Up             ---   ---               No           No
29                           IO102RSB1       Unassigned
30      MOD_ADDR[3]          IO100RSB1       Fixed        LVCMOS15  ---                ---   Up             ---   ---               No           No
31      MAN_GPIO_ENABLES[0]  IO99RSB1        Fixed        LVCMOS15  ---                ---   Up             ---   ---               No           No
32                           IO97RSB1        Unassigned
33                           IO96RSB1        Unassigned
34                           IO95RSB1        Unassigned
35                           IO94RSB1        Unassigned
36                           IO93RSB1        Unassigned
37                           VCC             Reserved
38                           GND             Reserved
39                           VCCIB1          Reserved
40                           IO87RSB1        Unassigned
41                           IO84RSB1        Unassigned
42                           IO81RSB1        Unassigned
43                           IO75RSB1        Unassigned
44      UVL_VOP_IN[0]        GDC2/IO72RSB1   Special      LVCMOS15  ---                ---   None           ---   ---               No           No
45                           GDB2/IO71RSB1   Special
46                           GDA2/IO70RSB1   Special
47                           TCK             Reserved
48                           TDI             Reserved
49                           TMS             Reserved
50                           VMV1            Reserved
51                           GND             Reserved
52                           VPUMP           Reserved
53                           Not Bonded      Unconnected
54                           TDO             Reserved
55                           TRST            Reserved
56                           VJTAG           Reserved
57      P_CH_VOSG_EN[7]      GDA1/IO65RSB0   Special      LVCMOS33  12                 Low   Down           No    35                No           No
58                           GDC0/IO62RSB0   Special
59                           GDC1/IO61RSB0   Special
60      CLK40MHZ             GCC2/IO59RSB0   Special      LVCMOS33  ---                ---   None           ---   ---               No           No
61      P_CH_IAUX_EN[7]      GCB2/IO58RSB0   Special      LVCMOS33  12                 Low   Down           No    35                No           No
62      P_CH_MREG_EN_B[7]    GCA0/IO56RSB0   Special      LVCMOS33  12                 Low   Up             No    35                No           No
63      P_CH_VOSG_EN[6]      GCA1/IO55RSB0   Special      LVCMOS33  12                 Low   Down           No    35                No           No
64      P_CH_IAUX_EN[6]      GCC0/IO52RSB0   Special      LVCMOS33  12                 Low   Down           No    35                No           No
65      P_CH_MREG_EN_B[6]    GCC1/IO51RSB0   Special      LVCMOS33  12                 Low   Up             No    35                No           No
66                           VCCIB0          Reserved
67                           GND             Reserved
68                           VCC             Reserved
69      P_CH_VOSG_EN[5]      IO47RSB0        Fixed        LVCMOS33  12                 Low   Down           No    35                No           No
70      P_CH_IAUX_EN[5]      GBC2/IO45RSB0   Special      LVCMOS33  12                 Low   Down           No    35                No           No
71      P_CH_MREG_EN_B[5]    GBB2/IO43RSB0   Special      LVCMOS33  12                 Low   Up             No    35                No           No
72      P_CH_VOSG_EN[4]      IO42RSB0        Fixed        LVCMOS33  12                 Low   Down           No    35                No           No
73      P_CH_IAUX_EN[4]      GBA2/IO41RSB0   Special      LVCMOS33  12                 Low   Down           No    35                No           No
74                           VMV0            Reserved
75                           GNDQ            Reserved
76      P_CH_MREG_EN_B[4]    GBA1/IO40RSB0   Special      LVCMOS33  12                 Low   Up             No    35                No           No
77      CH_STAT_LED          GBA0/IO39RSB0   Special      LVCMOS33  12                 Low   Down           No    35                No           No
78      P_CH_VOSG_EN[3]      GBB1/IO38RSB0   Special      LVCMOS33  12                 Low   Down           No    35                No           No
79      P_CH_IAUX_EN[3]      GBB0/IO37RSB0   Special      LVCMOS33  12                 Low   Down           No    35                No           No
80      P_CH_MREG_EN_B[3]    GBC1/IO36RSB0   Special      LVCMOS33  12                 Low   Up             No    35                No           No
81      P_CH_VOSG_EN[2]      GBC0/IO35RSB0   Special      LVCMOS33  12                 Low   Down           No    35                No           No
82      P_CH_IAUX_EN[2]      IO32RSB0        Fixed        LVCMOS33  12                 Low   Down           No    35                No           No
83      P_CH_MREG_EN_B[2]    IO28RSB0        Fixed        LVCMOS33  12                 Low   Up             No    35                No           No
84      P_CH_VOSG_EN[1]      IO25RSB0        Fixed        LVCMOS33  12                 Low   Down           No    35                No           No
85      P_CH_IAUX_EN[1]      IO22RSB0        Fixed        LVCMOS33  12                 Low   Down           No    35                No           No
86      P_CH_MREG_EN_B[1]    IO19RSB0        Fixed        LVCMOS33  12                 Low   Up             No    35                No           No
87                           VCCIB0          Reserved
88                           GND             Reserved
89                           VCC             Reserved
90      P_CH_VOSG_EN[0]      IO15RSB0        Fixed        LVCMOS33  12                 Low   Down           No    35                No           No
91      P_CH_IAUX_EN[0]      IO13RSB0        Fixed        LVCMOS33  12                 Low   Down           No    35                No           No
92      P_CH_MREG_EN_B[0]    IO11RSB0        Fixed        LVCMOS33  12                 Low   Up             No    35                No           No
93                           IO09RSB0        Unassigned
94      P_SER_TX_EN          IO07RSB0        Fixed        LVCMOS33  12                 Low   Down           No    35                No           No
95      P_SERIAL_TX[0]       GAC1/IO05RSB0   Special      LVCMOS33  12                 Low   Down           No    35                No           No
96      RX_SIG_IN[0]         GAC0/IO04RSB0   Special      LVCMOS33  ---                ---   Down           ---   ---               No           No
97      TX_EN[0]             GAB1/IO03RSB0   Special      LVCMOS33  12                 Low   Down           No    35                No           No
98                           GAB0/IO02RSB0   Special
99                           GAA1/IO01RSB0   Special
100                          GAA0/IO00RSB0   Special
