Microsemi Libero Software
Version: 11.8.0.26
Release: v11.8

'IDE_DESIGNERVIEW_ROOTDIR' set to 'F:\0_all_libero_project\CERN_LHCb\LVRegul_DIg_Cntl\designer'
Info: The design TOP_LV_REGUL_CNTL.adb was last modified by software version 11.8.0.26.
Opened an existing Libero design TOP_LV_REGUL_CNTL.adb.

The Execute Script command succeeded ( 00:00:36 )
Checking for software updates...
This software version is up to date.
Wrote to the file:
F:\0_all_libero_project\CERN_LHCb\LVRegul_DIg_Cntl\constraint\TOP_LV_REGUL_CNTL_a3p125.pdc

The Export command succeeded ( 00:00:01 )
Design saved to file
F:\0_all_libero_project\CERN_LHCb\LVRegul_DIg_Cntl\designer\impl1\TOP_LV_REGUL_CNTL.adb.
Wrote pin report to file:
F:\0_all_libero_project\CERN_LHCb\LVRegul_DIg_Cntl\designer\impl1\TOP_LV_REGUL_CNTL_report_pin_\
byname.txt

The Report command succeeded ( 00:00:01 )
Wrote pin report to file:
F:\0_all_libero_project\CERN_LHCb\LVRegul_DIg_Cntl\designer\impl1\TOP_LV_REGUL_CNTL_report_pin_\
bynumber.txt

The Report command succeeded ( 00:00:01 )

The Execute Script command succeeded ( 00:00:02 )
Design closed.

