Microsemi Libero Software
Version: 11.9.2.1
Release: v11.9 SP2

Warning: A lock has been established on this design.
         This lock may be due from a previous aborted session or
         the design may currently be in use by another session.
         
             Locked by: Manuel Franco
             Date: Thu Sep 19 12:54:06 2019
             Hostname: DESKTOP-PLJUDQE
             ExecutableID: C:\Microsemi\Libero_SoC_v11.9\Designer\bin\designer.exe
             Unsaved Edits: 1.
         
         Would you like to recover the unsaved edits during the opening of the design? [CANCEL]
Error: Unable to open the design file: 'top_lvr_fw.adb'
'BA_NAME' set to 'top_lvr_fw_ba'
'KEEP_EXISTING_PHYSICAL_CONSTRAINTS' set to '1'
'SDC_IMPORT_MERGE' set to '1'
'IDE_DESIGNERVIEW_NAME' set to 'Impl1'
'IDE_DESIGNERVIEW_COUNT' set to '1'
'IDE_DESIGNERVIEW_REV0' set to 'Impl1'
'IDE_DESIGNERVIEW_REVNUM0' set to '1'
'IDE_DESIGNERVIEW_ROOTDIR' set to 'Z:\windows\lvr_fw\lvr_fw_sep2\designer'
'IDE_DESIGNERVIEW_LASTREV' set to '1'

The Execute Script command succeeded ( 00:00:00 )
