# Synopsys Constraint Checker(syntax only), version mapact, Build 2172R, built Oct 30 2017
# Copyright (C) 1994-2017 Synopsys, Inc. This Synopsys software and all associated documentation are proprietary to Synopsys, Inc. and may only be used pursuant to the terms and conditions of a written license agreement with Synopsys, Inc. All other use, reproduction, modification, or distribution of the Synopsys software or the associated documentation is strictly prohibited.

# Written on Wed Jun 03 21:56:02 2020


##### DESIGN INFO #######################################################

Top View:                "top_lvr_fw"
Constraint File(s):      "Z:\windows\lvr_fw\lvr_fw_2020\synthesis\top_lvr_fw_syn.fdc"

#Run constraint checker to find more issues with constraints.
#########################################################################



No issues found in constraint syntax.



Clock Summary
*************

Start                                      Requested     Requested     Clock        Clock                   Clock
Clock                                      Frequency     Period        Type         Group                   Load 
-----------------------------------------------------------------------------------------------------------------
CCC_Glob_3xBuff|GLB_inferred_clock         50.0 MHz      20.000        inferred     Inferred_clkgroup_3     78   
sca_clk_out                                1.0 MHz       1000.000      declared     default_clkgroup        0    
spi_slave|i_spi_rx_strb_inferred_clock     50.0 MHz      20.000        inferred     Inferred_clkgroup_2     17   
top_lvr_fw|CLK40M_OSC                      50.0 MHz      20.000        inferred     Inferred_clkgroup_0     5    
top_lvr_fw|db_clk5mhz_inferred_clock       50.0 MHz      20.000        inferred     Inferred_clkgroup_1     428  
=================================================================================================================
