 ** Message System Log
 ** Database: 
 ** Date:   Thu Feb 14 09:37:17 2019


****************
Macro Parameters
****************

Name                            : CCC_40M5
Family                          : PA3LC
Output Format                   : VHDL
Type                            : Static PLL
PowerDown                       : Active Low
Lock                            : Active High
Input Freq(Mhz)                 : 40.000000
CLKA Source                     : Hardwired I/O
Feedback Delay Value Index      : 1
Feedback Mux Select             : 1
XDLY Mux Select                 : No
Primary Freq(Mhz)               : 40.000000
Primary PhaseShift              : 0
Primary Delay Value Index       : 1
Primary Mux Select              : 4
Secondary1 Freq(Mhz)            : 5.000000
Use GLB                         : YES
Use YB                          : NO
GLB Delay Value Index           : 1
YB Delay Value Index            : 1
Secondary1 PhaseShift           : 0
Secondary1 Mux Select           : 2
Secondary2 Freq(Mhz)            : 0.000000
Use GLC                         : NO
Use YC                          : NO
GLC Delay Value Index           : 32
YC Delay Value Index            : 32
Secondary2 PhaseShift           : 0
Secondary2 Mux Select           : 0
Lock Control                    : No

Configuration Bits:
FINDIV[6:0]     0000111
FBDIV[6:0]      0000111
OADIV[4:0]      00000
OBDIV[4:0]      00111
OCDIV[4:0]      00000
OAMUX[2:0]      100
OBMUX[2:0]      010
OCMUX[2:0]      000
FBSEL[1:0]      01
FBDLY[4:0]      00000
XDLYSEL         0
DLYGLA[4:0]     00000
DLYGLB[4:0]     00000
DLYGLC[4:0]     00000
DLYYB[4:0]      00000
DLYYC[4:0]      00000
VCOSEL[2:0]     000

Primary Clock Frequency 40.000
Primary Clock Phase Shift 0.000
Primary Clock Output Delay from CLKA 1.695

Secondary1 Clock Frequency 5.000
Secondary1 Clock Phase Shift 0.000
Secondary1 Clock Global Output Delay from CLKA 2.230


**************
Compile Report
**************


Netlist Resource Report
=======================

    CORE                       Used:      0  Total:   6144   (0.00%)
    IO (W/ clocks)             Used:      0  Total:     68   (0.00%)
    Differential IO            Used:      0  Total:     13   (0.00%)
    GLOBAL (Chip+Quadrant)     Used:      2  Total:     18   (11.11%)
    PLL                        Used:      1  Total:      1   (100.00%)
    RAM/FIFO                   Used:      0  Total:      8   (0.00%)
    Low Static ICC             Used:      0  Total:      1   (0.00%)
    FlashROM                   Used:      0  Total:      1   (0.00%)
    User JTAG                  Used:      0  Total:      1   (0.00%)

Wrote VHDL netlist to C:/Users/TomO_Laptop/Box Sync/LV_Reg_GEN3_Dig_Cntl_GW/LVRegul_DIg_Cntl/smartgen\CCC_40M5\CCC_40M5.vhd.

 ** Log Ended:   Thu Feb 14 09:37:18 2019

