Target Part: A3PN250_VQFP100_STD
Report for cell TOP_LVR_GEN3_CNTL.rtl
  Core Cell usage:
              cell count     area count*area
              AND2    88      1.0       88.0
               AO1    93      1.0       93.0
              AO13     5      1.0        5.0
              AO18    25      1.0       25.0
              AO1A    18      1.0       18.0
              AO1D     4      1.0        4.0
              AOI1     4      1.0        4.0
             AOI1B     6      1.0        6.0
               AX1     5      1.0        5.0
              AX1C     8      1.0        8.0
              AX1D     1      1.0        1.0
              AXO6     1      1.0        1.0
             AXOI5     1      1.0        1.0
            CLKINT     2      0.0        0.0
               GND    11      0.0        0.0
               INV     1      1.0        1.0
              MAJ3   241      1.0      241.0
             MIN3X     4      1.0        4.0
               MX2    36      1.0       36.0
              MX2A     2      1.0        2.0
              MX2B     2      1.0        2.0
              NOR2    34      1.0       34.0
             NOR2A    50      1.0       50.0
             NOR2B    24      1.0       24.0
              NOR3    18      1.0       18.0
             NOR3A    16      1.0       16.0
             NOR3B    26      1.0       26.0
             NOR3C    36      1.0       36.0
               OA1     1      1.0        1.0
              OA1A     6      1.0        6.0
              OA1B    10      1.0       10.0
              OA1C     4      1.0        4.0
              OAI1     5      1.0        5.0
               OR2    19      1.0       19.0
              OR2A     3      1.0        3.0
              OR2B     3      1.0        3.0
               OR3     2      1.0        2.0
              OR3A    64      1.0       64.0
              OR3C     4      1.0        4.0
               VCC    11      0.0        0.0
              XA1A     5      1.0        5.0
              XA1B     5      1.0        5.0
             XNOR2     1      1.0        1.0
             XNOR3    30      1.0       30.0
              XO1A     1      1.0        1.0
              XOR2   187      1.0      187.0
              XOR3     5      1.0        5.0


            DFN1C0   492      1.0      492.0
            DFN1P0   213      1.0      213.0
                   -----          ----------
             TOTAL  1833              1809.0


  IO Cell usage:
              cell count
            CLKBUF     1
             INBUF    14
            OUTBUF    36
                   -----
             TOTAL    51


Core Cells         : 1809 of 6144 (29%)
IO Cells           : 51

  RAM/ROM Usage Summary
Block Rams : 0 of 8 (0%)

